<?xml version="1.0" encoding="UTF-8"?>
<testsuite xmlns:xsi="http://www.w3.org/2001/XMLSchema-instance" xsi:noNamespaceSchemaLocation="https://maven.apache.org/surefire/maven-surefire-plugin/xsd/surefire-test-report.xsd" name="org.buaa.es.EsApplicationTests" time="0.617" tests="1" errors="1" skipped="0" failures="0">
  <properties>
[...]
</properties>
  <testcase name="org.buaa.es.EsApplicationTests" classname="org.buaa.es.EsApplicationTests" time="0.617">
    <error message="Found multiple @SpringBootConfiguration annotated classes [Generic bean: class [org.buaa.es.ElasticSearchConfig]; scope=; abstract=false; lazyInit=null; autowireMode=0; dependencyCheck=0; autowireCandidate=true; primary=false; factoryBeanName=null; factoryMethodName=null; initMethodName=null; destroyMethodName=null; defined in file [D:\git\es\target\classes\org\buaa\es\ElasticSearchConfig.class], Generic bean: class [org.buaa.es.EsApplication]; scope=; abstract=false; lazyInit=null; autowireMode=0; dependencyCheck=0; autowireCandidate=true; primary=false; factoryBeanName=null; factoryMethodName=null; initMethodName=null; destroyMethodName=null; defined in file [D:\git\es\target\classes\org\buaa\es\EsApplication.class]]" type="java.lang.IllegalStateException">java.lang.IllegalStateException: Found multiple @SpringBootConfiguration annotated classes [Generic bean: class [org.buaa.es.ElasticSearchConfig]; scope=; abstract=false; lazyInit=null; autowireMode=0; dependencyCheck=0; autowireCandidate=true; primary=false; factoryBeanName=null; factoryMethodName=null; initMethodName=null; destroyMethodName=null; defined in file [D:\git\es\target\classes\org\buaa\es\ElasticSearchConfig.class], Generic bean: class [org.buaa.es.EsApplication]; scope=; abstract=false; lazyInit=null; autowireMode=0; dependencyCheck=0; autowireCandidate=true; primary=false; factoryBeanName=null; factoryMethodName=null; initMethodName=null; destroyMethodName=null; defined in file [D:\git\es\target\classes\org\buaa\es\EsApplication.class]]
</error>
    <system-out><![CDATA[00:27:36.519 [main] DEBUG org.springframework.test.context.BootstrapUtils - Instantiating CacheAwareContextLoaderDelegate from class [org.springframework.test.context.cache.DefaultCacheAwareContextLoaderDelegate]
00:27:36.544 [main] DEBUG org.springframework.test.context.BootstrapUtils - Instantiating BootstrapContext using constructor [public org.springframework.test.context.support.DefaultBootstrapContext(java.lang.Class,org.springframework.test.context.CacheAwareContextLoaderDelegate)]
00:27:36.591 [main] DEBUG org.springframework.test.context.BootstrapUtils - Instantiating TestContextBootstrapper for test class [org.buaa.es.EsApplicationTests] from class [org.springframework.boot.test.context.SpringBootTestContextBootstrapper]
00:27:36.622 [main] INFO org.springframework.boot.test.context.SpringBootTestContextBootstrapper - Neither @ContextConfiguration nor @ContextHierarchy found for test class [org.buaa.es.EsApplicationTests], using SpringBootContextLoader
00:27:36.638 [main] DEBUG org.springframework.test.context.support.AbstractContextLoader - Did not detect default resource location for test class [org.buaa.es.EsApplicationTests]: class path resource [org/buaa/es/EsApplicationTests-context.xml] does not exist
00:27:36.638 [main] DEBUG org.springframework.test.context.support.AbstractContextLoader - Did not detect default resource location for test class [org.buaa.es.EsApplicationTests]: class path resource [org/buaa/es/EsApplicationTestsContext.groovy] does not exist
00:27:36.638 [main] INFO org.springframework.test.context.support.AbstractContextLoader - Could not detect default resource locations for test class [org.buaa.es.EsApplicationTests]: no resource found for suffixes {-context.xml, Context.groovy}.
00:27:36.638 [main] INFO org.springframework.test.context.support.AnnotationConfigContextLoaderUtils - Could not detect default configuration classes for test class [org.buaa.es.EsApplicationTests]: EsApplicationTests does not declare any static, non-private, non-final, nested classes annotated with @Configuration.
00:27:36.716 [main] DEBUG org.springframework.test.context.support.ActiveProfilesUtils - Could not find an 'annotation declaring class' for annotation type [org.springframework.test.context.ActiveProfiles] and class [org.buaa.es.EsApplicationTests]
00:27:36.810 [main] DEBUG org.springframework.context.annotation.ClassPathScanningCandidateComponentProvider - Identified candidate component class: file [D:\git\es\target\classes\org\buaa\es\ElasticSearchConfig.class]
00:27:36.904 [main] DEBUG org.springframework.context.annotation.ClassPathScanningCandidateComponentProvider - Identified candidate component class: file [D:\git\es\target\classes\org\buaa\es\EsApplication.class]
00:27:36.914 [main] DEBUG org.springframework.test.context.BootstrapUtils - Instantiating CacheAwareContextLoaderDelegate from class [org.springframework.test.context.cache.DefaultCacheAwareContextLoaderDelegate]
00:27:36.917 [main] DEBUG org.springframework.test.context.BootstrapUtils - Instantiating BootstrapContext using constructor [public org.springframework.test.context.support.DefaultBootstrapContext(java.lang.Class,org.springframework.test.context.CacheAwareContextLoaderDelegate)]
00:27:36.920 [main] DEBUG org.springframework.test.context.BootstrapUtils - Instantiating TestContextBootstrapper for test class [org.buaa.es.EsApplicationTests] from class [org.springframework.boot.test.context.SpringBootTestContextBootstrapper]
00:27:36.921 [main] INFO org.springframework.boot.test.context.SpringBootTestContextBootstrapper - Neither @ContextConfiguration nor @ContextHierarchy found for test class [org.buaa.es.EsApplicationTests], using SpringBootContextLoader
00:27:36.925 [main] DEBUG org.springframework.test.context.support.AbstractContextLoader - Did not detect default resource location for test class [org.buaa.es.EsApplicationTests]: class path resource [org/buaa/es/EsApplicationTests-context.xml] does not exist
00:27:36.927 [main] DEBUG org.springframework.test.context.support.AbstractContextLoader - Did not detect default resource location for test class [org.buaa.es.EsApplicationTests]: class path resource [org/buaa/es/EsApplicationTestsContext.groovy] does not exist
00:27:36.928 [main] INFO org.springframework.test.context.support.AbstractContextLoader - Could not detect default resource locations for test class [org.buaa.es.EsApplicationTests]: no resource found for suffixes {-context.xml, Context.groovy}.
00:27:36.933 [main] INFO org.springframework.test.context.support.AnnotationConfigContextLoaderUtils - Could not detect default configuration classes for test class [org.buaa.es.EsApplicationTests]: EsApplicationTests does not declare any static, non-private, non-final, nested classes annotated with @Configuration.
00:27:36.938 [main] DEBUG org.springframework.test.context.support.ActiveProfilesUtils - Could not find an 'annotation declaring class' for annotation type [org.springframework.test.context.ActiveProfiles] and class [org.buaa.es.EsApplicationTests]
00:27:36.949 [main] DEBUG org.springframework.context.annotation.ClassPathScanningCandidateComponentProvider - Identified candidate component class: file [D:\git\es\target\classes\org\buaa\es\ElasticSearchConfig.class]
00:27:36.949 [main] DEBUG org.springframework.context.annotation.ClassPathScanningCandidateComponentProvider - Identified candidate component class: file [D:\git\es\target\classes\org\buaa\es\EsApplication.class]
00:27:36.949 [main] DEBUG org.springframework.test.context.BootstrapUtils - Instantiating CacheAwareContextLoaderDelegate from class [org.springframework.test.context.cache.DefaultCacheAwareContextLoaderDelegate]
00:27:36.949 [main] DEBUG org.springframework.test.context.BootstrapUtils - Instantiating BootstrapContext using constructor [public org.springframework.test.context.support.DefaultBootstrapContext(java.lang.Class,org.springframework.test.context.CacheAwareContextLoaderDelegate)]
00:27:36.949 [main] DEBUG org.springframework.test.context.BootstrapUtils - Instantiating TestContextBootstrapper for test class [org.buaa.es.EsApplicationTests] from class [org.springframework.boot.test.context.SpringBootTestContextBootstrapper]
00:27:36.949 [main] INFO org.springframework.boot.test.context.SpringBootTestContextBootstrapper - Neither @ContextConfiguration nor @ContextHierarchy found for test class [org.buaa.es.EsApplicationTests], using SpringBootContextLoader
00:27:36.949 [main] DEBUG org.springframework.test.context.support.AbstractContextLoader - Did not detect default resource location for test class [org.buaa.es.EsApplicationTests]: class path resource [org/buaa/es/EsApplicationTests-context.xml] does not exist
00:27:36.949 [main] DEBUG org.springframework.test.context.support.AbstractContextLoader - Did not detect default resource location for test class [org.buaa.es.EsApplicationTests]: class path resource [org/buaa/es/EsApplicationTestsContext.groovy] does not exist
00:27:36.949 [main] INFO org.springframework.test.context.support.AbstractContextLoader - Could not detect default resource locations for test class [org.buaa.es.EsApplicationTests]: no resource found for suffixes {-context.xml, Context.groovy}.
00:27:36.949 [main] INFO org.springframework.test.context.support.AnnotationConfigContextLoaderUtils - Could not detect default configuration classes for test class [org.buaa.es.EsApplicationTests]: EsApplicationTests does not declare any static, non-private, non-final, nested classes annotated with @Configuration.
00:27:36.949 [main] DEBUG org.springframework.test.context.support.ActiveProfilesUtils - Could not find an 'annotation declaring class' for annotation type [org.springframework.test.context.ActiveProfiles] and class [org.buaa.es.EsApplicationTests]
00:27:36.965 [main] DEBUG org.springframework.context.annotation.ClassPathScanningCandidateComponentProvider - Identified candidate component class: file [D:\git\es\target\classes\org\buaa\es\ElasticSearchConfig.class]
00:27:36.965 [main] DEBUG org.springframework.context.annotation.ClassPathScanningCandidateComponentProvider - Identified candidate component class: file [D:\git\es\target\classes\org\buaa\es\EsApplication.class]
]]></system-out>
  </testcase>
</testsuite>